output redirected to ../../public/data/feeders/market_update/2012/08/02/market_update.log
Using database database: sentrysystem, :user => root, :password => , :host => localhost, :port => 3306
C:/RailsInstaller/Ruby1.9.3/lib/ruby/gems/1.9.1/gems/sequel-3.38.0/lib/sequel/adapters/shared/mysql.rb:789: warning: assigned but unused variable - l
C:/RailsInstaller/Ruby1.9.3/lib/ruby/gems/1.9.1/gems/sequel-3.38.0/lib/sequel/connection_pool/threaded.rb:52: warning: shadowing outer local variable - c
C:/RailsInstaller/Ruby1.9.3/lib/ruby/gems/1.9.1/gems/spreadsheet-0.7.3/lib/spreadsheet/excel/reader/biff8.rb:84: warning: assigned but unused variable - total
C:/RailsInstaller/Ruby1.9.3/lib/ruby/gems/1.9.1/gems/spreadsheet-0.7.3/lib/spreadsheet/excel/reader/biff8.rb:116: warning: assigned but unused variable - phonetic
C:/RailsInstaller/Ruby1.9.3/lib/ruby/gems/1.9.1/gems/spreadsheet-0.7.3/lib/spreadsheet/excel/reader/biff8.rb:116: warning: assigned but unused variable - richtext
C:/RailsInstaller/Ruby1.9.3/lib/ruby/gems/1.9.1/gems/spreadsheet-0.7.3/lib/spreadsheet/excel/reader/biff8.rb:117: warning: assigned but unused variable - skip
C:/RailsInstaller/Ruby1.9.3/lib/ruby/gems/1.9.1/gems/spreadsheet-0.7.3/lib/spreadsheet/excel/reader/biff8.rb:118: warning: assigned but unused variable - data
C:/RailsInstaller/Ruby1.9.3/lib/ruby/gems/1.9.1/gems/sequel-3.38.0/lib/sequel/dataset/actions.rb:130: warning: instance variable @row_proc not initialized
C:/RailsInstaller/Ruby1.9.3/lib/ruby/gems/1.9.1/gems/sequel-3.38.0/lib/sequel/dataset/actions.rb:130: warning: instance variable @row_proc not initialized
C:/RailsInstaller/Ruby1.9.3/lib/ruby/gems/1.9.1/gems/sequel-3.38.0/lib/sequel/dataset/actions.rb:130: warning: instance variable @row_proc not initialized
C:/RailsInstaller/Ruby1.9.3/lib/ruby/gems/1.9.1/gems/sequel-3.38.0/lib/sequel/dataset/actions.rb:130: warning: instance variable @row_proc not initialized
C:/RailsInstaller/Ruby1.9.3/lib/ruby/gems/1.9.1/gems/sequel-3.38.0/lib/sequel/dataset/actions.rb:130: warning: instance variable @row_proc not initialized
C:/RailsInstaller/Ruby1.9.3/lib/ruby/gems/1.9.1/gems/sequel-3.38.0/lib/sequel/dataset/actions.rb:130: warning: instance variable @row_proc not initialized
C:/RailsInstaller/Ruby1.9.3/lib/ruby/gems/1.9.1/gems/sequel-3.38.0/lib/sequel/dataset/actions.rb:130: warning: instance variable @row_proc not initialized
C:/RailsInstaller/Ruby1.9.3/lib/ruby/gems/1.9.1/gems/sequel-3.38.0/lib/sequel/dataset/actions.rb:130: warning: instance variable @row_proc not initialized
C:/RailsInstaller/Ruby1.9.3/lib/ruby/gems/1.9.1/gems/sequel-3.38.0/lib/sequel/dataset/actions.rb:130: warning: instance variable @row_proc not initialized
C:/RailsInstaller/Ruby1.9.3/lib/ruby/gems/1.9.1/gems/sequel-3.38.0/lib/sequel/dataset/actions.rb:130: warning: instance variable @row_proc not initialized
C:/RailsInstaller/Ruby1.9.3/lib/ruby/gems/1.9.1/gems/sequel-3.38.0/lib/sequel/dataset/actions.rb:130: warning: instance variable @row_proc not initialized
C:/RailsInstaller/Ruby1.9.3/lib/ruby/gems/1.9.1/gems/sequel-3.38.0/lib/sequel/dataset/actions.rb:130: warning: instance variable @row_proc not initialized
C:/RailsInstaller/Ruby1.9.3/lib/ruby/gems/1.9.1/gems/sequel-3.38.0/lib/sequel/dataset/actions.rb:130: warning: instance variable @row_proc not initialized
C:/RailsInstaller/Ruby1.9.3/lib/ruby/gems/1.9.1/gems/sequel-3.38.0/lib/sequel/dataset/actions.rb:130: warning: instance variable @row_proc not initialized
C:/RailsInstaller/Ruby1.9.3/lib/ruby/gems/1.9.1/gems/sequel-3.38.0/lib/sequel/dataset/actions.rb:130: warning: instance variable @row_proc not initialized
C:/RailsInstaller/Ruby1.9.3/lib/ruby/gems/1.9.1/gems/sequel-3.38.0/lib/sequel/dataset/actions.rb:130: warning: instance variable @row_proc not initialized
C:/RailsInstaller/Ruby1.9.3/lib/ruby/gems/1.9.1/gems/sequel-3.38.0/lib/sequel/dataset/actions.rb:130: warning: instance variable @row_proc not initialized
C:/RailsInstaller/Ruby1.9.3/lib/ruby/gems/1.9.1/gems/sequel-3.38.0/lib/sequel/dataset/actions.rb:130: warning: instance variable @row_proc not initialized
C:/RailsInstaller/Ruby1.9.3/lib/ruby/gems/1.9.1/gems/sequel-3.38.0/lib/sequel/dataset/actions.rb:130: warning: instance variable @row_proc not initialized
C:/RailsInstaller/Ruby1.9.3/lib/ruby/gems/1.9.1/gems/sequel-3.38.0/lib/sequel/dataset/actions.rb:130: warning: instance variable @row_proc not initialized
C:/RailsInstaller/Ruby1.9.3/lib/ruby/gems/1.9.1/gems/sequel-3.38.0/lib/sequel/dataset/actions.rb:130: warning: instance variable @row_proc not initialized
C:/RailsInstaller/Ruby1.9.3/lib/ruby/gems/1.9.1/gems/sequel-3.38.0/lib/sequel/dataset/actions.rb:130: warning: instance variable @row_proc not initialized
C:/RailsInstaller/Ruby1.9.3/lib/ruby/gems/1.9.1/gems/sequel-3.38.0/lib/sequel/dataset/actions.rb:130: warning: instance variable @row_proc not initialized
C:/RailsInstaller/Ruby1.9.3/lib/ruby/gems/1.9.1/gems/sequel-3.38.0/lib/sequel/dataset/actions.rb:130: warning: instance variable @row_proc not initialized
C:/RailsInstaller/Ruby1.9.3/lib/ruby/gems/1.9.1/gems/sequel-3.38.0/lib/sequel/dataset/actions.rb:130: warning: instance variable @row_proc not initialized
C:/RailsInstaller/Ruby1.9.3/lib/ruby/gems/1.9.1/gems/sequel-3.38.0/lib/sequel/dataset/actions.rb:130: warning: instance variable @row_proc not initialized
C:/RailsInstaller/Ruby1.9.3/lib/ruby/gems/1.9.1/gems/sequel-3.38.0/lib/sequel/dataset/actions.rb:130: warning: instance variable @row_proc not initialized
C:/RailsInstaller/Ruby1.9.3/lib/ruby/gems/1.9.1/gems/sequel-3.38.0/lib/sequel/dataset/actions.rb:130: warning: instance variable @row_proc not initialized
C:/RailsInstaller/Ruby1.9.3/lib/ruby/gems/1.9.1/gems/sequel-3.38.0/lib/sequel/dataset/actions.rb:130: warning: instance variable @row_proc not initialized
C:/RailsInstaller/Ruby1.9.3/lib/ruby/gems/1.9.1/gems/sequel-3.38.0/lib/sequel/dataset/actions.rb:130: warning: instance variable @row_proc not initialized
C:/RailsInstaller/Ruby1.9.3/lib/ruby/gems/1.9.1/gems/sequel-3.38.0/lib/sequel/dataset/actions.rb:130: warning: instance variable @row_proc not initialized
C:/RailsInstaller/Ruby1.9.3/lib/ruby/gems/1.9.1/gems/sequel-3.38.0/lib/sequel/dataset/actions.rb:130: warning: instance variable @row_proc not initialized
C:/RailsInstaller/Ruby1.9.3/lib/ruby/gems/1.9.1/gems/sequel-3.38.0/lib/sequel/dataset/actions.rb:130: warning: instance variable @row_proc not initialized
C:/RailsInstaller/Ruby1.9.3/lib/ruby/gems/1.9.1/gems/sequel-3.38.0/lib/sequel/dataset/actions.rb:130: warning: instance variable @row_proc not initialized
C:/RailsInstaller/Ruby1.9.3/lib/ruby/gems/1.9.1/gems/sequel-3.38.0/lib/sequel/dataset/actions.rb:130: warning: instance variable @row_proc not initialized
C:/RailsInstaller/Ruby1.9.3/lib/ruby/gems/1.9.1/gems/sequel-3.38.0/lib/sequel/dataset/actions.rb:130: warning: instance variable @row_proc not initialized
C:/RailsInstaller/Ruby1.9.3/lib/ruby/gems/1.9.1/gems/sequel-3.38.0/lib/sequel/dataset/actions.rb:130: warning: instance variable @row_proc not initialized
C:/RailsInstaller/Ruby1.9.3/lib/ruby/gems/1.9.1/gems/sequel-3.38.0/lib/sequel/dataset/actions.rb:130: warning: instance variable @row_proc not initialized
C:/RailsInstaller/Ruby1.9.3/lib/ruby/gems/1.9.1/gems/sequel-3.38.0/lib/sequel/dataset/actions.rb:130: warning: instance variable @row_proc not initialized
C:/RailsInstaller/Ruby1.9.3/lib/ruby/gems/1.9.1/gems/sequel-3.38.0/lib/sequel/dataset/actions.rb:130: warning: instance variable @row_proc not initialized
C:/RailsInstaller/Ruby1.9.3/lib/ruby/gems/1.9.1/gems/sequel-3.38.0/lib/sequel/dataset/actions.rb:130: warning: instance variable @row_proc not initialized
C:/RailsInstaller/Ruby1.9.3/lib/ruby/gems/1.9.1/gems/sequel-3.38.0/lib/sequel/dataset/actions.rb:130: warning: instance variable @row_proc not initialized
C:/RailsInstaller/Ruby1.9.3/lib/ruby/gems/1.9.1/gems/sequel-3.38.0/lib/sequel/dataset/actions.rb:130: warning: instance variable @row_proc not initialized
C:/RailsInstaller/Ruby1.9.3/lib/ruby/gems/1.9.1/gems/sequel-3.38.0/lib/sequel/dataset/actions.rb:130: warning: instance variable @row_proc not initialized
C:/RailsInstaller/Ruby1.9.3/lib/ruby/gems/1.9.1/gems/sequel-3.38.0/lib/sequel/dataset/actions.rb:130: warning: instance variable @row_proc not initialized
C:/RailsInstaller/Ruby1.9.3/lib/ruby/gems/1.9.1/gems/sequel-3.38.0/lib/sequel/dataset/actions.rb:130: warning: instance variable @row_proc not initialized
C:/RailsInstaller/Ruby1.9.3/lib/ruby/gems/1.9.1/gems/sequel-3.38.0/lib/sequel/dataset/actions.rb:130: warning: instance variable @row_proc not initialized
C:/RailsInstaller/Ruby1.9.3/lib/ruby/gems/1.9.1/gems/sequel-3.38.0/lib/sequel/dataset/actions.rb:130: warning: instance variable @row_proc not initialized
C:/RailsInstaller/Ruby1.9.3/lib/ruby/gems/1.9.1/gems/sequel-3.38.0/lib/sequel/dataset/actions.rb:130: warning: instance variable @row_proc not initialized
C:/RailsInstaller/Ruby1.9.3/lib/ruby/gems/1.9.1/gems/sequel-3.38.0/lib/sequel/dataset/actions.rb:130: warning: instance variable @row_proc not initialized
C:/RailsInstaller/Ruby1.9.3/lib/ruby/gems/1.9.1/gems/sequel-3.38.0/lib/sequel/dataset/actions.rb:130: warning: instance variable @row_proc not initialized
C:/RailsInstaller/Ruby1.9.3/lib/ruby/gems/1.9.1/gems/sequel-3.38.0/lib/sequel/dataset/actions.rb:130: warning: instance variable @row_proc not initialized
C:/RailsInstaller/Ruby1.9.3/lib/ruby/gems/1.9.1/gems/sequel-3.38.0/lib/sequel/dataset/actions.rb:130: warning: instance variable @row_proc not initialized
C:/RailsInstaller/Ruby1.9.3/lib/ruby/gems/1.9.1/gems/sequel-3.38.0/lib/sequel/dataset/actions.rb:130: warning: instance variable @row_proc not initialized
C:/RailsInstaller/Ruby1.9.3/lib/ruby/gems/1.9.1/gems/sequel-3.38.0/lib/sequel/dataset/actions.rb:130: warning: instance variable @row_proc not initialized
C:/RailsInstaller/Ruby1.9.3/lib/ruby/gems/1.9.1/gems/sequel-3.38.0/lib/sequel/dataset/actions.rb:130: warning: instance variable @row_proc not initialized
C:/RailsInstaller/Ruby1.9.3/lib/ruby/gems/1.9.1/gems/sequel-3.38.0/lib/sequel/dataset/actions.rb:130: warning: instance variable @row_proc not initialized
C:/RailsInstaller/Ruby1.9.3/lib/ruby/gems/1.9.1/gems/sequel-3.38.0/lib/sequel/dataset/actions.rb:130: warning: instance variable @row_proc not initialized
C:/RailsInstaller/Ruby1.9.3/lib/ruby/gems/1.9.1/gems/sequel-3.38.0/lib/sequel/dataset/actions.rb:130: warning: instance variable @row_proc not initialized
C:/RailsInstaller/Ruby1.9.3/lib/ruby/gems/1.9.1/gems/sequel-3.38.0/lib/sequel/dataset/actions.rb:130: warning: instance variable @row_proc not initialized
C:/RailsInstaller/Ruby1.9.3/lib/ruby/gems/1.9.1/gems/sequel-3.38.0/lib/sequel/dataset/actions.rb:130: warning: instance variable @row_proc not initialized
C:/RailsInstaller/Ruby1.9.3/lib/ruby/gems/1.9.1/gems/sequel-3.38.0/lib/sequel/dataset/actions.rb:130: warning: instance variable @row_proc not initialized
C:/RailsInstaller/Ruby1.9.3/lib/ruby/gems/1.9.1/gems/sequel-3.38.0/lib/sequel/dataset/actions.rb:130: warning: instance variable @row_proc not initialized
C:/RailsInstaller/Ruby1.9.3/lib/ruby/gems/1.9.1/gems/sequel-3.38.0/lib/sequel/dataset/actions.rb:130: warning: instance variable @row_proc not initialized
C:/RailsInstaller/Ruby1.9.3/lib/ruby/gems/1.9.1/gems/sequel-3.38.0/lib/sequel/dataset/actions.rb:130: warning: instance variable @row_proc not initialized
C:/RailsInstaller/Ruby1.9.3/lib/ruby/gems/1.9.1/gems/sequel-3.38.0/lib/sequel/dataset/actions.rb:130: warning: instance variable @row_proc not initialized
C:/RailsInstaller/Ruby1.9.3/lib/ruby/gems/1.9.1/gems/sequel-3.38.0/lib/sequel/dataset/actions.rb:130: warning: instance variable @row_proc not initialized
C:/RailsInstaller/Ruby1.9.3/lib/ruby/gems/1.9.1/gems/sequel-3.38.0/lib/sequel/dataset/actions.rb:130: warning: instance variable @row_proc not initialized
C:/RailsInstaller/Ruby1.9.3/lib/ruby/gems/1.9.1/gems/sequel-3.38.0/lib/sequel/dataset/actions.rb:130: warning: instance variable @row_proc not initialized
C:/RailsInstaller/Ruby1.9.3/lib/ruby/gems/1.9.1/gems/sequel-3.38.0/lib/sequel/dataset/actions.rb:130: warning: instance variable @row_proc not initialized
C:/RailsInstaller/Ruby1.9.3/lib/ruby/gems/1.9.1/gems/sequel-3.38.0/lib/sequel/dataset/actions.rb:130: warning: instance variable @row_proc not initialized
C:/RailsInstaller/Ruby1.9.3/lib/ruby/gems/1.9.1/gems/sequel-3.38.0/lib/sequel/dataset/actions.rb:130: warning: instance variable @row_proc not initialized
C:/RailsInstaller/Ruby1.9.3/lib/ruby/gems/1.9.1/gems/sequel-3.38.0/lib/sequel/dataset/actions.rb:130: warning: instance variable @row_proc not initialized
C:/RailsInstaller/Ruby1.9.3/lib/ruby/gems/1.9.1/gems/sequel-3.38.0/lib/sequel/dataset/actions.rb:130: warning: instance variable @row_proc not initialized
C:/RailsInstaller/Ruby1.9.3/lib/ruby/gems/1.9.1/gems/sequel-3.38.0/lib/sequel/dataset/actions.rb:130: warning: instance variable @row_proc not initialized
C:/RailsInstaller/Ruby1.9.3/lib/ruby/gems/1.9.1/gems/sequel-3.38.0/lib/sequel/dataset/actions.rb:130: warning: instance variable @row_proc not initialized
C:/RailsInstaller/Ruby1.9.3/lib/ruby/gems/1.9.1/gems/sequel-3.38.0/lib/sequel/dataset/actions.rb:130: warning: instance variable @row_proc not initialized
C:/RailsInstaller/Ruby1.9.3/lib/ruby/gems/1.9.1/gems/sequel-3.38.0/lib/sequel/dataset/actions.rb:130: warning: instance variable @row_proc not initialized
C:/RailsInstaller/Ruby1.9.3/lib/ruby/gems/1.9.1/gems/sequel-3.38.0/lib/sequel/dataset/actions.rb:130: warning: instance variable @row_proc not initialized
C:/RailsInstaller/Ruby1.9.3/lib/ruby/gems/1.9.1/gems/sequel-3.38.0/lib/sequel/dataset/actions.rb:130: warning: instance variable @row_proc not initialized
C:/RailsInstaller/Ruby1.9.3/lib/ruby/gems/1.9.1/gems/sequel-3.38.0/lib/sequel/dataset/actions.rb:130: warning: instance variable @row_proc not initialized
C:/RailsInstaller/Ruby1.9.3/lib/ruby/gems/1.9.1/gems/sequel-3.38.0/lib/sequel/dataset/actions.rb:130: warning: instance variable @row_proc not initialized
C:/RailsInstaller/Ruby1.9.3/lib/ruby/gems/1.9.1/gems/sequel-3.38.0/lib/sequel/dataset/actions.rb:130: warning: instance variable @row_proc not initialized
C:/RailsInstaller/Ruby1.9.3/lib/ruby/gems/1.9.1/gems/sequel-3.38.0/lib/sequel/dataset/actions.rb:130: warning: instance variable @row_proc not initialized
C:/RailsInstaller/Ruby1.9.3/lib/ruby/gems/1.9.1/gems/sequel-3.38.0/lib/sequel/dataset/actions.rb:130: warning: instance variable @row_proc not initialized
C:/RailsInstaller/Ruby1.9.3/lib/ruby/gems/1.9.1/gems/sequel-3.38.0/lib/sequel/dataset/actions.rb:130: warning: instance variable @row_proc not initialized
C:/RailsInstaller/Ruby1.9.3/lib/ruby/gems/1.9.1/gems/sequel-3.38.0/lib/sequel/dataset/actions.rb:130: warning: instance variable @row_proc not initialized
C:/RailsInstaller/Ruby1.9.3/lib/ruby/gems/1.9.1/gems/sequel-3.38.0/lib/sequel/dataset/actions.rb:130: warning: instance variable @row_proc not initialized
C:/RailsInstaller/Ruby1.9.3/lib/ruby/gems/1.9.1/gems/sequel-3.38.0/lib/sequel/dataset/actions.rb:130: warning: instance variable @row_proc not initialized
C:/RailsInstaller/Ruby1.9.3/lib/ruby/gems/1.9.1/gems/sequel-3.38.0/lib/sequel/dataset/actions.rb:130: warning: instance variable @row_proc not initialized
C:/RailsInstaller/Ruby1.9.3/lib/ruby/gems/1.9.1/gems/sequel-3.38.0/lib/sequel/dataset/actions.rb:130: warning: instance variable @row_proc not initialized
C:/RailsInstaller/Ruby1.9.3/lib/ruby/gems/1.9.1/gems/sequel-3.38.0/lib/sequel/dataset/actions.rb:130: warning: instance variable @row_proc not initialized
C:/RailsInstaller/Ruby1.9.3/lib/ruby/gems/1.9.1/gems/sequel-3.38.0/lib/sequel/dataset/actions.rb:130: warning: instance variable @row_proc not initialized
C:/RailsInstaller/Ruby1.9.3/lib/ruby/gems/1.9.1/gems/sequel-3.38.0/lib/sequel/dataset/actions.rb:130: warning: instance variable @row_proc not initialized
C:/RailsInstaller/Ruby1.9.3/lib/ruby/gems/1.9.1/gems/sequel-3.38.0/lib/sequel/dataset/actions.rb:130: warning: instance variable @row_proc not initialized
C:/RailsInstaller/Ruby1.9.3/lib/ruby/gems/1.9.1/gems/sequel-3.38.0/lib/sequel/dataset/actions.rb:130: warning: instance variable @row_proc not initialized
C:/RailsInstaller/Ruby1.9.3/lib/ruby/gems/1.9.1/gems/sequel-3.38.0/lib/sequel/dataset/actions.rb:130: warning: instance variable @row_proc not initialized
C:/RailsInstaller/Ruby1.9.3/lib/ruby/gems/1.9.1/gems/sequel-3.38.0/lib/sequel/dataset/actions.rb:130: warning: instance variable @row_proc not initialized
C:/RailsInstaller/Ruby1.9.3/lib/ruby/gems/1.9.1/gems/sequel-3.38.0/lib/sequel/dataset/actions.rb:130: warning: instance variable @row_proc not initialized
C:/RailsInstaller/Ruby1.9.3/lib/ruby/gems/1.9.1/gems/sequel-3.38.0/lib/sequel/dataset/actions.rb:130: warning: instance variable @row_proc not initialized
C:/RailsInstaller/Ruby1.9.3/lib/ruby/gems/1.9.1/gems/sequel-3.38.0/lib/sequel/dataset/actions.rb:130: warning: instance variable @row_proc not initialized
C:/RailsInstaller/Ruby1.9.3/lib/ruby/gems/1.9.1/gems/sequel-3.38.0/lib/sequel/dataset/actions.rb:130: warning: instance variable @row_proc not initialized
C:/RailsInstaller/Ruby1.9.3/lib/ruby/gems/1.9.1/gems/sequel-3.38.0/lib/sequel/dataset/actions.rb:130: warning: instance variable @row_proc not initialized
C:/RailsInstaller/Ruby1.9.3/lib/ruby/gems/1.9.1/gems/sequel-3.38.0/lib/sequel/dataset/actions.rb:130: warning: instance variable @row_proc not initialized
C:/RailsInstaller/Ruby1.9.3/lib/ruby/gems/1.9.1/gems/sequel-3.38.0/lib/sequel/dataset/actions.rb:130: warning: instance variable @row_proc not initialized
C:/RailsInstaller/Ruby1.9.3/lib/ruby/gems/1.9.1/gems/sequel-3.38.0/lib/sequel/dataset/actions.rb:130: warning: instance variable @row_proc not initialized
C:/RailsInstaller/Ruby1.9.3/lib/ruby/gems/1.9.1/gems/sequel-3.38.0/lib/sequel/dataset/actions.rb:130: warning: instance variable @row_proc not initialized
C:/RailsInstaller/Ruby1.9.3/lib/ruby/gems/1.9.1/gems/sequel-3.38.0/lib/sequel/dataset/actions.rb:130: warning: instance variable @row_proc not initialized
C:/RailsInstaller/Ruby1.9.3/lib/ruby/gems/1.9.1/gems/sequel-3.38.0/lib/sequel/dataset/actions.rb:130: warning: instance variable @row_proc not initialized
C:/RailsInstaller/Ruby1.9.3/lib/ruby/gems/1.9.1/gems/sequel-3.38.0/lib/sequel/dataset/actions.rb:130: warning: instance variable @row_proc not initialized
C:/RailsInstaller/Ruby1.9.3/lib/ruby/gems/1.9.1/gems/sequel-3.38.0/lib/sequel/dataset/actions.rb:130: warning: instance variable @row_proc not initialized
C:/RailsInstaller/Ruby1.9.3/lib/ruby/gems/1.9.1/gems/sequel-3.38.0/lib/sequel/dataset/actions.rb:130: warning: instance variable @row_proc not initialized
C:/RailsInstaller/Ruby1.9.3/lib/ruby/gems/1.9.1/gems/sequel-3.38.0/lib/sequel/dataset/actions.rb:130: warning: instance variable @row_proc not initialized
C:/RailsInstaller/Ruby1.9.3/lib/ruby/gems/1.9.1/gems/sequel-3.38.0/lib/sequel/dataset/actions.rb:130: warning: instance variable @row_proc not initialized
C:/RailsInstaller/Ruby1.9.3/lib/ruby/gems/1.9.1/gems/sequel-3.38.0/lib/sequel/dataset/actions.rb:130: warning: instance variable @row_proc not initialized
C:/RailsInstaller/Ruby1.9.3/lib/ruby/gems/1.9.1/gems/sequel-3.38.0/lib/sequel/dataset/actions.rb:130: warning: instance variable @row_proc not initialized
C:/RailsInstaller/Ruby1.9.3/lib/ruby/gems/1.9.1/gems/sequel-3.38.0/lib/sequel/dataset/actions.rb:130: warning: instance variable @row_proc not initialized
C:/RailsInstaller/Ruby1.9.3/lib/ruby/gems/1.9.1/gems/sequel-3.38.0/lib/sequel/dataset/actions.rb:130: warning: instance variable @row_proc not initialized
C:/RailsInstaller/Ruby1.9.3/lib/ruby/gems/1.9.1/gems/sequel-3.38.0/lib/sequel/dataset/actions.rb:130: warning: instance variable @row_proc not initialized
C:/RailsInstaller/Ruby1.9.3/lib/ruby/gems/1.9.1/gems/sequel-3.38.0/lib/sequel/dataset/actions.rb:130: warning: instance variable @row_proc not initialized
C:/RailsInstaller/Ruby1.9.3/lib/ruby/gems/1.9.1/gems/sequel-3.38.0/lib/sequel/dataset/actions.rb:130: warning: instance variable @row_proc not initialized
C:/RailsInstaller/Ruby1.9.3/lib/ruby/gems/1.9.1/gems/sequel-3.38.0/lib/sequel/dataset/actions.rb:130: warning: instance variable @row_proc not initialized
C:/RailsInstaller/Ruby1.9.3/lib/ruby/gems/1.9.1/gems/sequel-3.38.0/lib/sequel/dataset/actions.rb:130: warning: instance variable @row_proc not initialized
C:/RailsInstaller/Ruby1.9.3/lib/ruby/gems/1.9.1/gems/sequel-3.38.0/lib/sequel/dataset/actions.rb:130: warning: instance variable @row_proc not initialized
C:/RailsInstaller/Ruby1.9.3/lib/ruby/gems/1.9.1/gems/sequel-3.38.0/lib/sequel/dataset/actions.rb:130: warning: instance variable @row_proc not initialized
C:/RailsInstaller/Ruby1.9.3/lib/ruby/gems/1.9.1/gems/sequel-3.38.0/lib/sequel/dataset/actions.rb:130: warning: instance variable @row_proc not initialized
C:/RailsInstaller/Ruby1.9.3/lib/ruby/gems/1.9.1/gems/sequel-3.38.0/lib/sequel/dataset/actions.rb:130: warning: instance variable @row_proc not initialized
C:/RailsInstaller/Ruby1.9.3/lib/ruby/gems/1.9.1/gems/sequel-3.38.0/lib/sequel/dataset/actions.rb:130: warning: instance variable @row_proc not initialized
C:/RailsInstaller/Ruby1.9.3/lib/ruby/gems/1.9.1/gems/sequel-3.38.0/lib/sequel/dataset/actions.rb:130: warning: instance variable @row_proc not initialized
C:/RailsInstaller/Ruby1.9.3/lib/ruby/gems/1.9.1/gems/sequel-3.38.0/lib/sequel/dataset/actions.rb:130: warning: instance variable @row_proc not initialized
C:/RailsInstaller/Ruby1.9.3/lib/ruby/gems/1.9.1/gems/sequel-3.38.0/lib/sequel/dataset/actions.rb:130: warning: instance variable @row_proc not initialized
C:/RailsInstaller/Ruby1.9.3/lib/ruby/gems/1.9.1/gems/sequel-3.38.0/lib/sequel/dataset/actions.rb:130: warning: instance variable @row_proc not initialized
C:/RailsInstaller/Ruby1.9.3/lib/ruby/gems/1.9.1/gems/sequel-3.38.0/lib/sequel/dataset/actions.rb:130: warning: instance variable @row_proc not initialized
C:/RailsInstaller/Ruby1.9.3/lib/ruby/gems/1.9.1/gems/sequel-3.38.0/lib/sequel/dataset/actions.rb:130: warning: instance variable @row_proc not initialized
C:/RailsInstaller/Ruby1.9.3/lib/ruby/gems/1.9.1/gems/sequel-3.38.0/lib/sequel/dataset/actions.rb:130: warning: instance variable @row_proc not initialized
C:/RailsInstaller/Ruby1.9.3/lib/ruby/gems/1.9.1/gems/sequel-3.38.0/lib/sequel/dataset/actions.rb:130: warning: instance variable @row_proc not initialized
C:/RailsInstaller/Ruby1.9.3/lib/ruby/gems/1.9.1/gems/sequel-3.38.0/lib/sequel/dataset/actions.rb:130: warning: instance variable @row_proc not initialized
C:/RailsInstaller/Ruby1.9.3/lib/ruby/gems/1.9.1/gems/sequel-3.38.0/lib/sequel/dataset/actions.rb:130: warning: instance variable @row_proc not initialized
C:/RailsInstaller/Ruby1.9.3/lib/ruby/gems/1.9.1/gems/sequel-3.38.0/lib/sequel/dataset/actions.rb:130: warning: instance variable @row_proc not initialized
C:/RailsInstaller/Ruby1.9.3/lib/ruby/gems/1.9.1/gems/sequel-3.38.0/lib/sequel/dataset/actions.rb:130: warning: instance variable @row_proc not initialized
C:/RailsInstaller/Ruby1.9.3/lib/ruby/gems/1.9.1/gems/sequel-3.38.0/lib/sequel/dataset/actions.rb:130: warning: instance variable @row_proc not initialized
C:/RailsInstaller/Ruby1.9.3/lib/ruby/gems/1.9.1/gems/sequel-3.38.0/lib/sequel/dataset/actions.rb:130: warning: instance variable @row_proc not initialized
C:/RailsInstaller/Ruby1.9.3/lib/ruby/gems/1.9.1/gems/sequel-3.38.0/lib/sequel/dataset/actions.rb:130: warning: instance variable @row_proc not initialized
C:/RailsInstaller/Ruby1.9.3/lib/ruby/gems/1.9.1/gems/sequel-3.38.0/lib/sequel/dataset/actions.rb:130: warning: instance variable @row_proc not initialized
C:/RailsInstaller/Ruby1.9.3/lib/ruby/gems/1.9.1/gems/sequel-3.38.0/lib/sequel/dataset/actions.rb:130: warning: instance variable @row_proc not initialized
C:/RailsInstaller/Ruby1.9.3/lib/ruby/gems/1.9.1/gems/sequel-3.38.0/lib/sequel/dataset/actions.rb:130: warning: instance variable @row_proc not initialized
C:/RailsInstaller/Ruby1.9.3/lib/ruby/gems/1.9.1/gems/sequel-3.38.0/lib/sequel/dataset/actions.rb:130: warning: instance variable @row_proc not initialized
C:/RailsInstaller/Ruby1.9.3/lib/ruby/gems/1.9.1/gems/sequel-3.38.0/lib/sequel/dataset/actions.rb:130: warning: instance variable @row_proc not initialized
C:/RailsInstaller/Ruby1.9.3/lib/ruby/gems/1.9.1/gems/sequel-3.38.0/lib/sequel/dataset/actions.rb:130: warning: instance variable @row_proc not initialized
C:/RailsInstaller/Ruby1.9.3/lib/ruby/gems/1.9.1/gems/sequel-3.38.0/lib/sequel/dataset/actions.rb:130: warning: instance variable @row_proc not initialized
C:/RailsInstaller/Ruby1.9.3/lib/ruby/gems/1.9.1/gems/sequel-3.38.0/lib/sequel/dataset/actions.rb:130: warning: instance variable @row_proc not initialized
C:/RailsInstaller/Ruby1.9.3/lib/ruby/gems/1.9.1/gems/sequel-3.38.0/lib/sequel/dataset/actions.rb:130: warning: instance variable @row_proc not initialized
C:/RailsInstaller/Ruby1.9.3/lib/ruby/gems/1.9.1/gems/sequel-3.38.0/lib/sequel/dataset/actions.rb:130: warning: instance variable @row_proc not initialized
C:/RailsInstaller/Ruby1.9.3/lib/ruby/gems/1.9.1/gems/sequel-3.38.0/lib/sequel/dataset/actions.rb:130: warning: instance variable @row_proc not initialized
C:/RailsInstaller/Ruby1.9.3/lib/ruby/gems/1.9.1/gems/sequel-3.38.0/lib/sequel/dataset/actions.rb:130: warning: instance variable @row_proc not initialized
C:/RailsInstaller/Ruby1.9.3/lib/ruby/gems/1.9.1/gems/sequel-3.38.0/lib/sequel/dataset/actions.rb:130: warning: instance variable @row_proc not initialized
C:/RailsInstaller/Ruby1.9.3/lib/ruby/gems/1.9.1/gems/sequel-3.38.0/lib/sequel/dataset/actions.rb:130: warning: instance variable @row_proc not initialized
C:/RailsInstaller/Ruby1.9.3/lib/ruby/gems/1.9.1/gems/sequel-3.38.0/lib/sequel/dataset/actions.rb:130: warning: instance variable @row_proc not initialized
C:/RailsInstaller/Ruby1.9.3/lib/ruby/gems/1.9.1/gems/sequel-3.38.0/lib/sequel/dataset/actions.rb:130: warning: instance variable @row_proc not initialized
C:/RailsInstaller/Ruby1.9.3/lib/ruby/gems/1.9.1/gems/sequel-3.38.0/lib/sequel/dataset/actions.rb:130: warning: instance variable @row_proc not initialized
C:/RailsInstaller/Ruby1.9.3/lib/ruby/gems/1.9.1/gems/sequel-3.38.0/lib/sequel/dataset/actions.rb:130: warning: instance variable @row_proc not initialized
C:/RailsInstaller/Ruby1.9.3/lib/ruby/gems/1.9.1/gems/sequel-3.38.0/lib/sequel/dataset/actions.rb:130: warning: instance variable @row_proc not initialized
C:/RailsInstaller/Ruby1.9.3/lib/ruby/gems/1.9.1/gems/sequel-3.38.0/lib/sequel/dataset/actions.rb:130: warning: instance variable @row_proc not initialized
C:/RailsInstaller/Ruby1.9.3/lib/ruby/gems/1.9.1/gems/sequel-3.38.0/lib/sequel/dataset/actions.rb:130: warning: instance variable @row_proc not initialized
C:/RailsInstaller/Ruby1.9.3/lib/ruby/gems/1.9.1/gems/sequel-3.38.0/lib/sequel/dataset/actions.rb:130: warning: instance variable @row_proc not initialized
C:/RailsInstaller/Ruby1.9.3/lib/ruby/gems/1.9.1/gems/sequel-3.38.0/lib/sequel/dataset/actions.rb:130: warning: instance variable @row_proc not initialized
C:/RailsInstaller/Ruby1.9.3/lib/ruby/gems/1.9.1/gems/sequel-3.38.0/lib/sequel/dataset/actions.rb:130: warning: instance variable @row_proc not initialized
C:/RailsInstaller/Ruby1.9.3/lib/ruby/gems/1.9.1/gems/sequel-3.38.0/lib/sequel/dataset/actions.rb:130: warning: instance variable @row_proc not initialized
C:/RailsInstaller/Ruby1.9.3/lib/ruby/gems/1.9.1/gems/sequel-3.38.0/lib/sequel/dataset/actions.rb:130: warning: instance variable @row_proc not initialized
C:/RailsInstaller/Ruby1.9.3/lib/ruby/gems/1.9.1/gems/sequel-3.38.0/lib/sequel/dataset/actions.rb:130: warning: instance variable @row_proc not initialized
C:/RailsInstaller/Ruby1.9.3/lib/ruby/gems/1.9.1/gems/sequel-3.38.0/lib/sequel/dataset/actions.rb:130: warning: instance variable @row_proc not initialized
C:/RailsInstaller/Ruby1.9.3/lib/ruby/gems/1.9.1/gems/sequel-3.38.0/lib/sequel/dataset/actions.rb:130: warning: instance variable @row_proc not initialized
C:/RailsInstaller/Ruby1.9.3/lib/ruby/gems/1.9.1/gems/sequel-3.38.0/lib/sequel/dataset/actions.rb:130: warning: instance variable @row_proc not initialized
C:/RailsInstaller/Ruby1.9.3/lib/ruby/gems/1.9.1/gems/sequel-3.38.0/lib/sequel/dataset/actions.rb:130: warning: instance variable @row_proc not initialized
C:/RailsInstaller/Ruby1.9.3/lib/ruby/gems/1.9.1/gems/sequel-3.38.0/lib/sequel/dataset/actions.rb:130: warning: instance variable @row_proc not initialized
C:/RailsInstaller/Ruby1.9.3/lib/ruby/gems/1.9.1/gems/sequel-3.38.0/lib/sequel/dataset/actions.rb:130: warning: instance variable @row_proc not initialized
C:/RailsInstaller/Ruby1.9.3/lib/ruby/gems/1.9.1/gems/sequel-3.38.0/lib/sequel/dataset/actions.rb:130: warning: instance variable @row_proc not initialized
C:/RailsInstaller/Ruby1.9.3/lib/ruby/gems/1.9.1/gems/sequel-3.38.0/lib/sequel/dataset/actions.rb:130: warning: instance variable @row_proc not initialized
C:/RailsInstaller/Ruby1.9.3/lib/ruby/gems/1.9.1/gems/sequel-3.38.0/lib/sequel/dataset/actions.rb:130: warning: instance variable @row_proc not initialized
C:/RailsInstaller/Ruby1.9.3/lib/ruby/gems/1.9.1/gems/sequel-3.38.0/lib/sequel/dataset/actions.rb:130: warning: instance variable @row_proc not initialized
C:/RailsInstaller/Ruby1.9.3/lib/ruby/gems/1.9.1/gems/sequel-3.38.0/lib/sequel/dataset/actions.rb:130: warning: instance variable @row_proc not initialized
C:/RailsInstaller/Ruby1.9.3/lib/ruby/gems/1.9.1/gems/sequel-3.38.0/lib/sequel/dataset/actions.rb:130: warning: instance variable @row_proc not initialized
C:/RailsInstaller/Ruby1.9.3/lib/ruby/gems/1.9.1/gems/sequel-3.38.0/lib/sequel/dataset/actions.rb:130: warning: instance variable @row_proc not initialized
C:/RailsInstaller/Ruby1.9.3/lib/ruby/gems/1.9.1/gems/sequel-3.38.0/lib/sequel/dataset/actions.rb:130: warning: instance variable @row_proc not initialized
C:/RailsInstaller/Ruby1.9.3/lib/ruby/gems/1.9.1/gems/sequel-3.38.0/lib/sequel/dataset/actions.rb:130: warning: instance variable @row_proc not initialized
C:/RailsInstaller/Ruby1.9.3/lib/ruby/gems/1.9.1/gems/sequel-3.38.0/lib/sequel/dataset/actions.rb:130: warning: instance variable @row_proc not initialized
C:/RailsInstaller/Ruby1.9.3/lib/ruby/gems/1.9.1/gems/sequel-3.38.0/lib/sequel/dataset/actions.rb:130: warning: instance variable @row_proc not initialized
C:/RailsInstaller/Ruby1.9.3/lib/ruby/gems/1.9.1/gems/sequel-3.38.0/lib/sequel/dataset/actions.rb:130: warning: instance variable @row_proc not initialized
C:/RailsInstaller/Ruby1.9.3/lib/ruby/gems/1.9.1/gems/sequel-3.38.0/lib/sequel/dataset/actions.rb:130: warning: instance variable @row_proc not initialized
C:/RailsInstaller/Ruby1.9.3/lib/ruby/gems/1.9.1/gems/sequel-3.38.0/lib/sequel/dataset/actions.rb:130: warning: instance variable @row_proc not initialized
C:/RailsInstaller/Ruby1.9.3/lib/ruby/gems/1.9.1/gems/sequel-3.38.0/lib/sequel/dataset/actions.rb:130: warning: instance variable @row_proc not initialized
C:/RailsInstaller/Ruby1.9.3/lib/ruby/gems/1.9.1/gems/sequel-3.38.0/lib/sequel/dataset/actions.rb:130: warning: instance variable @row_proc not initialized
C:/RailsInstaller/Ruby1.9.3/lib/ruby/gems/1.9.1/gems/sequel-3.38.0/lib/sequel/dataset/actions.rb:130: warning: instance variable @row_proc not initialized
C:/RailsInstaller/Ruby1.9.3/lib/ruby/gems/1.9.1/gems/sequel-3.38.0/lib/sequel/dataset/actions.rb:130: warning: instance variable @row_proc not initialized
C:/RailsInstaller/Ruby1.9.3/lib/ruby/gems/1.9.1/gems/sequel-3.38.0/lib/sequel/dataset/actions.rb:130: warning: instance variable @row_proc not initialized
C:/RailsInstaller/Ruby1.9.3/lib/ruby/gems/1.9.1/gems/sequel-3.38.0/lib/sequel/dataset/actions.rb:130: warning: instance variable @row_proc not initialized
C:/RailsInstaller/Ruby1.9.3/lib/ruby/gems/1.9.1/gems/sequel-3.38.0/lib/sequel/dataset/actions.rb:130: warning: instance variable @row_proc not initialized
C:/RailsInstaller/Ruby1.9.3/lib/ruby/gems/1.9.1/gems/sequel-3.38.0/lib/sequel/dataset/actions.rb:130: warning: instance variable @row_proc not initialized
C:/RailsInstaller/Ruby1.9.3/lib/ruby/gems/1.9.1/gems/sequel-3.38.0/lib/sequel/dataset/actions.rb:130: warning: instance variable @row_proc not initialized
C:/RailsInstaller/Ruby1.9.3/lib/ruby/gems/1.9.1/gems/sequel-3.38.0/lib/sequel/dataset/actions.rb:130: warning: instance variable @row_proc not initialized
C:/RailsInstaller/Ruby1.9.3/lib/ruby/gems/1.9.1/gems/sequel-3.38.0/lib/sequel/dataset/actions.rb:130: warning: instance variable @row_proc not initialized
C:/RailsInstaller/Ruby1.9.3/lib/ruby/gems/1.9.1/gems/sequel-3.38.0/lib/sequel/dataset/actions.rb:130: warning: instance variable @row_proc not initialized
C:/RailsInstaller/Ruby1.9.3/lib/ruby/gems/1.9.1/gems/sequel-3.38.0/lib/sequel/dataset/actions.rb:130: warning: instance variable @row_proc not initialized
C:/RailsInstaller/Ruby1.9.3/lib/ruby/gems/1.9.1/gems/sequel-3.38.0/lib/sequel/dataset/actions.rb:130: warning: instance variable @row_proc not initialized
C:/RailsInstaller/Ruby1.9.3/lib/ruby/gems/1.9.1/gems/sequel-3.38.0/lib/sequel/dataset/actions.rb:130: warning: instance variable @row_proc not initialized
C:/RailsInstaller/Ruby1.9.3/lib/ruby/gems/1.9.1/gems/sequel-3.38.0/lib/sequel/dataset/actions.rb:130: warning: instance variable @row_proc not initialized
=========================================================================
Number of Rows Insterted: 0
Number of Rows Updated:   206
Number of Rows Insterted: 0
Market Update As Of: 2012-08-02 Complete
