output redirected to ../../public/data/feeders/market_update/2012/08/27/market_update.log
Using database database: sentrysystem, :user => root, :password => , :host => localhost, :port => 3306
C:/RailsInstaller/Ruby1.9.3/lib/ruby/gems/1.9.1/gems/sequel-3.38.0/lib/sequel/adapters/shared/mysql.rb:789: warning: assigned but unused variable - l
C:/RailsInstaller/Ruby1.9.3/lib/ruby/gems/1.9.1/gems/sequel-3.38.0/lib/sequel/connection_pool/threaded.rb:52: warning: shadowing outer local variable - c
C:/RailsInstaller/Ruby1.9.3/lib/ruby/1.9.1/net/protocol.rb:146:in `rescue in rbuf_fill': Timeout::Error (Timeout::Error)
	from C:/RailsInstaller/Ruby1.9.3/lib/ruby/1.9.1/net/protocol.rb:140:in `rbuf_fill'
	from C:/RailsInstaller/Ruby1.9.3/lib/ruby/1.9.1/net/protocol.rb:122:in `readuntil'
	from C:/RailsInstaller/Ruby1.9.3/lib/ruby/1.9.1/net/protocol.rb:132:in `readline'
	from C:/RailsInstaller/Ruby1.9.3/lib/ruby/1.9.1/net/http.rb:2562:in `read_status_line'
	from C:/RailsInstaller/Ruby1.9.3/lib/ruby/1.9.1/net/http.rb:2551:in `read_new'
	from C:/RailsInstaller/Ruby1.9.3/lib/ruby/1.9.1/net/http.rb:1319:in `block in transport_request'
	from C:/RailsInstaller/Ruby1.9.3/lib/ruby/1.9.1/net/http.rb:1316:in `catch'
	from C:/RailsInstaller/Ruby1.9.3/lib/ruby/1.9.1/net/http.rb:1316:in `transport_request'
	from C:/RailsInstaller/Ruby1.9.3/lib/ruby/1.9.1/net/http.rb:1293:in `request'
	from C:/RailsInstaller/Ruby1.9.3/lib/ruby/1.9.1/net/http.rb:1195:in `request_get'
	from C:/RailsInstaller/Ruby1.9.3/lib/ruby/1.9.1/net/http.rb:455:in `block in get_response'
	from C:/RailsInstaller/Ruby1.9.3/lib/ruby/1.9.1/net/http.rb:745:in `start'
	from C:/RailsInstaller/Ruby1.9.3/lib/ruby/1.9.1/net/http.rb:454:in `get_response'
	from C:/RailsInstaller/Ruby1.9.3/lib/ruby/1.9.1/net/http.rb:431:in `get'
	from DailyMarketUpdate.rb:46:in `block in getXLS'
	from DailyMarketUpdate.rb:45:in `open'
	from DailyMarketUpdate.rb:45:in `getXLS'
	from DailyMarketUpdate.rb:161:in `block in <main>'
	from DailyMarketUpdate.rb:153:in `each'
	from DailyMarketUpdate.rb:153:in `<main>'
